# Logfile created on 2025-05-13 17:27:05 +0800 by logger.rb/v1.7.0
[2025-05-13 17:27:37 +0800] INFO: Starting search with query: bitcoin AND market
[2025-05-13 17:27:37 +0800] INFO: Starting Ahmia search for query: bitcoin AND market
[2025-05-13 17:27:37 +0800] INFO: Starting DuckDuckGo search for query: bitcoin AND market
[2025-05-13 17:27:37 +0800] INFO: Starting Haystack search for query: bitcoin AND market
[2025-05-13 17:27:37 +0800] INFO: Starting Torch search for query: bitcoin AND market
[2025-05-13 17:27:44 +0800] ERROR: Ahmia search failed: Failed to fetch results: Request to http://juhanurmihxlp77nkq76byazcldy2hlmovfu2epvl5ankdibsot4csyd.onion/search/?q=bitcoin+AND+market failed (net::ERR_PROXY_CONNECTION_FAILED)
[2025-05-13 17:27:44 +0800] ERROR: Haystack search failed: Failed to fetch results: Request to http://haystak5njsmn2hqkewecpaxetahtwhsbsa64jom2k22z5afxhnpxfid.onion/search?q=bitcoin+AND+market failed (net::ERR_PROXY_CONNECTION_FAILED)
[2025-05-13 17:27:44 +0800] ERROR: Torch search failed: Failed to fetch results: Request to http://xmh57jrknzkhv6y3ls3ubitzfqnkrwxhopf5aygthi7d6rplyvk3noyd.onion/cgi-bin/omega/omega?P=bitcoin+AND+market&DEFAULTOP=and&DB=default&FMT=query&xDB=default&xFILTERS=.%7E%7E failed (net::ERR_PROXY_CONNECTION_FAILED)
[2025-05-13 17:27:44 +0800] ERROR: DuckDuckGo search failed: Failed to fetch results: Request to https://duckduckgogg42xjoc72x3sjasowoarfbgcmvfimaftt6twagswzczad.onion/?q=bitcoin+AND+market failed (net::ERR_PROXY_CONNECTION_FAILED)
[2025-05-13 17:28:28 +0800] INFO: Enabling Tor proxy
[2025-05-13 17:29:10 +0800] ERROR: Failed to enable Tor proxy
[2025-05-13 17:31:29 +0800] INFO: Enabling Tor proxy
[2025-05-13 17:31:50 +0800] ERROR: Failed to enable Tor proxy
[2025-05-13 17:35:16 +0800] INFO: Enabling Tor proxy
[2025-05-13 17:35:34 +0800] ERROR: Failed to enable Tor proxy
[2025-05-13 17:37:12 +0800] INFO: Enabling Tor proxy
[2025-05-13 17:37:30 +0800] ERROR: Failed to enable Tor proxy
[2025-05-13 17:42:06 +0800] INFO: Enabling Tor proxy
[2025-05-13 17:42:09 +0800] INFO: Starting search with query: credit card
[2025-05-13 17:42:09 +0800] INFO: Starting Ahmia search for query: credit card
[2025-05-13 17:42:09 +0800] INFO: Starting DuckDuckGo search for query: credit card
[2025-05-13 17:42:09 +0800] INFO: Starting Haystack search for query: credit card
[2025-05-13 17:42:09 +0800] INFO: Starting Torch search for query: credit card
[2025-05-13 17:42:19 +0800] INFO: Found 0 results from Haystack
[2025-05-13 17:42:21 +0800] ERROR: Torch search failed: Failed to fetch results: Request to http://xmh57jrknzkhv6y3ls3ubitzfqnkrwxhopf5aygthi7d6rplyvk3noyd.onion/cgi-bin/omega/omega?P=credit+card&DEFAULTOP=and&DB=default&FMT=query&xDB=default&xFILTERS=.%7E%7E failed (net::ERR_EMPTY_RESPONSE)
[2025-05-13 17:42:28 +0800] INFO: Found 0 results from DuckDuckGo
[2025-05-13 17:42:40 +0800] INFO: Found 2791 results from Ahmia
[2025-05-13 18:01:04 +0800] INFO: Enabling Tor proxy
[2025-05-13 18:01:09 +0800] INFO: Starting search with query: credit card
[2025-05-13 18:01:09 +0800] INFO: Starting Ahmia search for query: credit card
[2025-05-13 18:01:09 +0800] INFO: Starting DuckDuckGo search for query: credit card
[2025-05-13 18:01:09 +0800] INFO: Starting Haystack search for query: credit card
[2025-05-13 18:01:09 +0800] INFO: Starting Torch search for query: credit card
[2025-05-13 18:01:21 +0800] INFO: Found 0 results from Haystack
[2025-05-13 18:01:27 +0800] INFO: Found 2791 results from Ahmia
[2025-05-13 18:01:39 +0800] ERROR: Torch search failed: Failed to fetch results: Request to http://xmh57jrknzkhv6y3ls3ubitzfqnkrwxhopf5aygthi7d6rplyvk3noyd.onion/cgi-bin/omega/omega?P=credit+card&DEFAULTOP=and&DB=default&FMT=query&xDB=default&xFILTERS=.%7E%7E failed (net::ERR_EMPTY_RESPONSE)
[2025-05-13 18:01:42 +0800] INFO: Found 0 results from DuckDuckGo
[2025-05-13 18:03:01 +0800] INFO: Enabling Tor proxy
[2025-05-13 18:03:04 +0800] INFO: Starting search with query: search term
[2025-05-13 18:03:05 +0800] INFO: Starting Ahmia search for query: search term
[2025-05-13 18:03:05 +0800] INFO: Starting DuckDuckGo search for query: search term
[2025-05-13 18:03:05 +0800] INFO: Starting Haystack search for query: search term
[2025-05-13 18:03:05 +0800] INFO: Starting Torch search for query: search term
[2025-05-13 18:03:10 +0800] ERROR: Torch search failed: Failed to fetch results: Request to http://xmh57jrknzkhv6y3ls3ubitzfqnkrwxhopf5aygthi7d6rplyvk3noyd.onion/cgi-bin/omega/omega?P=search+term&DEFAULTOP=and&DB=default&FMT=query&xDB=default&xFILTERS=.%7E%7E failed (net::ERR_EMPTY_RESPONSE)
[2025-05-13 18:03:11 +0800] INFO: Found 0 results from Haystack
[2025-05-13 18:03:20 +0800] INFO: Found 0 results from DuckDuckGo
[2025-05-13 18:03:27 +0800] INFO: Found 803 results from Ahmia
[2025-05-13 18:04:25 +0800] INFO: Enabling Tor proxy
[2025-05-13 18:05:03 +0800] INFO: Starting search with query: search term
[2025-05-13 18:05:03 +0800] INFO: Starting Ahmia search for query: search term
[2025-05-13 18:05:03 +0800] INFO: Starting DuckDuckGo search for query: search term
[2025-05-13 18:05:03 +0800] INFO: Starting Haystack search for query: search term
[2025-05-13 18:05:03 +0800] INFO: Starting Torch search for query: search term
[2025-05-13 18:05:09 +0800] ERROR: Torch search failed: Failed to fetch results: Request to http://xmh57jrknzkhv6y3ls3ubitzfqnkrwxhopf5aygthi7d6rplyvk3noyd.onion/cgi-bin/omega/omega?P=search+term&DEFAULTOP=and&DB=default&FMT=query&xDB=default&xFILTERS=.%7E%7E failed (net::ERR_EMPTY_RESPONSE)
[2025-05-13 18:05:11 +0800] INFO: Found 0 results from Haystack
[2025-05-13 18:05:14 +0800] INFO: Found 803 results from Ahmia
[2025-05-13 18:05:21 +0800] INFO: Found 0 results from DuckDuckGo
[2025-05-13 18:06:42 +0800] INFO: Enabling Tor proxy
[2025-05-13 18:06:45 +0800] INFO: Starting search with query: search term
[2025-05-13 18:06:45 +0800] INFO: Starting Ahmia search for query: search term
[2025-05-13 18:06:45 +0800] INFO: Starting DuckDuckGo search for query: search term
[2025-05-13 18:06:45 +0800] INFO: Starting Haystack search for query: search term
[2025-05-13 18:06:45 +0800] INFO: Starting Torch search for query: search term
[2025-05-13 18:06:51 +0800] ERROR: Torch search failed: Failed to fetch results: Request to http://xmh57jrknzkhv6y3ls3ubitzfqnkrwxhopf5aygthi7d6rplyvk3noyd.onion/cgi-bin/omega/omega?P=search+term&DEFAULTOP=and&DB=default&FMT=query&xDB=default&xFILTERS=.%7E%7E failed (net::ERR_EMPTY_RESPONSE)
[2025-05-13 18:06:52 +0800] INFO: Found 0 results from Haystack
[2025-05-13 18:06:55 +0800] INFO: Found 803 results from Ahmia
[2025-05-13 18:06:59 +0800] INFO: Found 0 results from DuckDuckGo
[2025-05-13 18:58:01 +0800] INFO: Starting Ahmia search for query: test
[2025-05-13 18:58:28 +0800] INFO: Found 865 results from Ahmia
[2025-05-13 18:58:28 +0800] INFO: Starting Torch search for query: test
[2025-05-13 18:58:38 +0800] ERROR: Torch search failed: Failed to fetch results: Request to http://xmh57jrknzkhv6y3ls3ubitzfqnkrwxhopf5aygthi7d6rplyvk3noyd.onion/cgi-bin/omega/omega?P=test&DEFAULTOP=and&DB=default&FMT=query&xDB=default&xFILTERS=.%7E%7E failed (net::ERR_EMPTY_RESPONSE)
[2025-05-13 18:58:38 +0800] INFO: Starting Haystack search for query: test
[2025-05-13 18:58:46 +0800] INFO: Found 0 results from Haystack
[2025-05-13 18:58:47 +0800] INFO: Starting DuckDuckGo search for query: test
[2025-05-13 18:59:02 +0800] INFO: Found 0 results from DuckDuckGo
[2025-05-13 19:02:28 +0800] INFO: Starting Ahmia search for query: test
[2025-05-13 19:02:36 +0800] INFO: Found 865 results from Ahmia
[2025-05-13 19:02:36 +0800] INFO: Starting Torch search for query: test
[2025-05-13 19:03:08 +0800] INFO: Found 79 results from Torch
[2025-05-13 19:03:08 +0800] INFO: Starting Haystack search for query: test
[2025-05-13 19:03:25 +0800] INFO: Found 0 results from Haystack
[2025-05-13 19:03:25 +0800] INFO: Starting DuckDuckGo search for query: test
[2025-05-13 19:03:46 +0800] INFO: Found 1 results from DuckDuckGo
[2025-05-13 21:26:38 +0800] INFO: Starting search with query: 
[2025-05-13 21:26:38 +0800] INFO: Starting Ahmia search for query: 
[2025-05-13 21:26:38 +0800] INFO: Starting DuckDuckGo search for query: 
[2025-05-13 21:26:38 +0800] INFO: Starting Haystack search for query: 
[2025-05-13 21:26:38 +0800] INFO: Starting Torch search for query: 
[2025-05-13 21:28:21 +0800] INFO: Starting search with query: 
[2025-05-13 21:28:21 +0800] INFO: Starting Ahmia search for query: 
[2025-05-13 21:28:21 +0800] INFO: Starting DuckDuckGo search for query: 
[2025-05-13 21:28:21 +0800] INFO: Starting Haystack search for query: 
[2025-05-13 21:28:21 +0800] INFO: Starting Torch search for query: 
[2025-05-13 21:28:30 +0800] INFO: Found 1579 results from Ahmia
[2025-05-13 21:28:32 +0800] INFO: Found 0 results from Haystack
[2025-05-13 21:28:39 +0800] INFO: Found 1 results from DuckDuckGo
[2025-05-13 21:29:30 +0800] INFO: Found 29 results from Torch
[2025-05-13 21:34:58 +0800] INFO: Enabling Tor proxy
[2025-05-13 21:35:00 +0800] INFO: Starting search with query: password AND gmail
[2025-05-13 21:35:00 +0800] INFO: Starting Ahmia search for query: password AND gmail
[2025-05-13 21:35:00 +0800] INFO: Starting DuckDuckGo search for query: password AND gmail
[2025-05-13 21:35:00 +0800] INFO: Starting Haystack search for query: password AND gmail
[2025-05-13 21:35:00 +0800] INFO: Starting Torch search for query: password AND gmail
[2025-05-13 21:35:12 +0800] INFO: Found 0 results from Haystack
[2025-05-13 21:35:18 +0800] INFO: Found 1125 results from Ahmia
[2025-05-13 21:35:35 +0800] ERROR: Failed to fetch results: Request to http://torchdeedp3i2jigzjdmfpn5ttjhthh5wbmda2rr3jvqjg5p77c54dqd.onion/search?query=password+AND+gmail&action=search failed (net::ERR_TIMED_OUT)
[2025-05-13 21:35:35 +0800] ERROR: Torch search failed: Failed to fetch results: Request to http://torchdeedp3i2jigzjdmfpn5ttjhthh5wbmda2rr3jvqjg5p77c54dqd.onion/search?query=password+AND+gmail&action=search failed (net::ERR_TIMED_OUT)
[2025-05-13 21:35:36 +0800] INFO: Found 1 results from DuckDuckGo
[2025-05-13 21:46:49 +0800] INFO: Starting search with query: bitcoin AND market
[2025-05-13 21:46:49 +0800] INFO: Starting Ahmia search for query: bitcoin AND market
[2025-05-13 21:46:49 +0800] INFO: Starting DuckDuckGo search for query: bitcoin AND market
[2025-05-13 21:46:49 +0800] INFO: Starting Haystack search for query: bitcoin AND market
[2025-05-13 21:46:49 +0800] INFO: Starting Torch search for query: bitcoin AND market
[2025-05-13 21:47:04 +0800] INFO: Found 0 results from Haystack
[2025-05-13 21:47:19 +0800] INFO: Found 9 results from DuckDuckGo
[2025-05-13 21:47:25 +0800] INFO: Found 1566 results from Ahmia
[2025-05-13 21:47:25 +0800] INFO: Found 81 results from Torch
[2025-05-13 21:50:52 +0800] INFO: Starting search with query: bitcoin AND market
[2025-05-13 21:50:52 +0800] INFO: Starting Ahmia search for query: bitcoin AND market
[2025-05-13 21:50:52 +0800] INFO: Starting DuckDuckGo search for query: bitcoin AND market
[2025-05-13 21:50:52 +0800] INFO: Starting Haystack search for query: bitcoin AND market
[2025-05-13 21:50:52 +0800] INFO: Starting Torch search for query: bitcoin AND market
[2025-05-13 21:51:05 +0800] INFO: Found 0 results from Haystack
[2025-05-13 21:51:08 +0800] INFO: Found 1566 results from Ahmia
[2025-05-13 21:51:20 +0800] INFO: Found 81 results from Torch
[2025-05-13 21:51:31 +0800] INFO: Found 1 results from DuckDuckGo
[2025-05-13 21:54:40 +0800] INFO: Starting search with query: bitcoin AND market
[2025-05-13 21:54:40 +0800] INFO: Starting Ahmia search for query: bitcoin AND market
[2025-05-13 21:54:50 +0800] INFO: Found 1566 results from Ahmia
[2025-05-13 21:57:30 +0800] INFO: Starting search with query: test query
[2025-05-13 21:57:30 +0800] INFO: Starting Ahmia search for query: test query
[2025-05-13 21:57:52 +0800] INFO: Found 1202 results from Ahmia
[2025-05-13 21:57:52 +0800] INFO: Starting search with query: test query
[2025-05-13 21:57:52 +0800] INFO: Starting Ahmia search for query: test query
[2025-05-13 21:57:52 +0800] INFO: Starting Torch search for query: test query
[2025-05-13 21:58:02 +0800] INFO: Found 1202 results from Ahmia
[2025-05-13 21:58:57 +0800] INFO: Found 30 results from Torch
[2025-05-13 21:58:57 +0800] INFO: Enabling Tor proxy
[2025-05-13 21:59:02 +0800] INFO: Starting search with query: test query
[2025-05-13 21:59:02 +0800] INFO: Starting Ahmia search for query: test query
[2025-05-13 21:59:09 +0800] INFO: Found 1202 results from Ahmia
[2025-05-13 21:59:10 +0800] INFO: Starting search with query: test query
[2025-05-13 21:59:10 +0800] INFO: Starting Ahmia search for query: test query
[2025-05-13 21:59:19 +0800] INFO: Found 1202 results from Ahmia
[2025-05-13 21:59:22 +0800] INFO: Starting Ahmia search for query: test query
[2025-05-13 21:59:32 +0800] INFO: Found 1202 results from Ahmia
[2025-05-13 21:59:32 +0800] INFO: Starting Torch search for query: test query
[2025-05-13 22:00:20 +0800] INFO: Found 30 results from Torch
[2025-05-13 22:00:21 +0800] INFO: Starting Haystack search for query: test query
[2025-05-13 22:00:34 +0800] INFO: Found 0 results from Haystack
[2025-05-13 22:00:34 +0800] INFO: Starting DuckDuckGo search for query: test query
[2025-05-13 22:01:04 +0800] INFO: Found 10 results from DuckDuckGo
[2025-05-13 22:01:04 +0800] INFO: Starting search with query: test query
[2025-05-13 22:01:04 +0800] INFO: Starting Ahmia search for query: test query
[2025-05-13 22:01:10 +0800] INFO: Found 1202 results from Ahmia
[2025-05-14 11:32:02 +0800] INFO: Starting search with query: test query
[2025-05-14 11:32:02 +0800] INFO: Starting Ahmia search for query: test query
[2025-05-14 11:32:08 +0800] ERROR: Ahmia search failed: Failed to fetch results: Failed to open TCP connection to /127.0.0.1:9050 (getaddrinfo: nodename nor servname provided, or not known)
[2025-05-14 11:32:08 +0800] INFO: Starting search with query: test query
[2025-05-14 11:32:08 +0800] INFO: Starting Ahmia search for query: test query
[2025-05-14 11:32:08 +0800] INFO: Starting Torch search for query: test query
[2025-05-14 11:32:09 +0800] ERROR: Ahmia search failed: Failed to fetch results: Failed to open TCP connection to /127.0.0.1:9050 (getaddrinfo: nodename nor servname provided, or not known)
[2025-05-14 11:32:44 +0800] INFO: Found 30 results from Torch
[2025-05-14 11:32:44 +0800] INFO: Enabling Tor proxy
[2025-05-14 11:32:48 +0800] INFO: Starting search with query: test query
[2025-05-14 11:32:48 +0800] INFO: Starting Ahmia search for query: test query
[2025-05-14 11:32:48 +0800] ERROR: Ahmia search failed: Failed to fetch results: Failed to open TCP connection to /127.0.0.1:9050 (getaddrinfo: nodename nor servname provided, or not known)
[2025-05-14 11:32:49 +0800] INFO: Starting search with query: test query
[2025-05-14 11:32:49 +0800] INFO: Starting Ahmia search for query: test query
[2025-05-14 11:32:49 +0800] ERROR: Ahmia search failed: Failed to fetch results: Failed to open TCP connection to /127.0.0.1:9050 (getaddrinfo: nodename nor servname provided, or not known)
[2025-05-14 11:32:51 +0800] INFO: Starting Ahmia search for query: test query
[2025-05-14 11:32:51 +0800] ERROR: Ahmia search failed: Failed to fetch results: Failed to open TCP connection to /127.0.0.1:9050 (getaddrinfo: nodename nor servname provided, or not known)
[2025-05-14 11:32:51 +0800] INFO: Starting Torch search for query: test query
[2025-05-14 11:33:08 +0800] INFO: Found 30 results from Torch
[2025-05-14 11:33:08 +0800] INFO: Starting Haystack search for query: test query
[2025-05-14 11:33:22 +0800] INFO: Found 0 results from Haystack
[2025-05-14 11:33:22 +0800] INFO: Starting DuckDuckGo search for query: test query
[2025-05-14 11:33:50 +0800] INFO: Found 10 results from DuckDuckGo
[2025-05-14 11:33:50 +0800] INFO: Starting search with query: test query
[2025-05-14 11:33:50 +0800] INFO: Starting Ahmia search for query: test query
[2025-05-14 11:33:50 +0800] ERROR: Ahmia search failed: Failed to fetch results: Failed to open TCP connection to /127.0.0.1:9050 (getaddrinfo: nodename nor servname provided, or not known)
[2025-05-14 11:37:24 +0800] INFO: Starting search with query: password AND gmail
[2025-05-14 11:37:24 +0800] INFO: Starting Ahmia search for query: password AND gmail
[2025-05-14 11:37:24 +0800] ERROR: Ahmia search failed: Failed to fetch results: Failed to open TCP connection to /127.0.0.1:9050 (getaddrinfo: nodename nor servname provided, or not known)
[2025-05-14 11:37:25 +0800] INFO: Starting search with query: password AND gmail
[2025-05-14 11:37:25 +0800] INFO: Starting Ahmia search for query: password AND gmail
[2025-05-14 11:37:25 +0800] INFO: Starting Torch search for query: password AND gmail
[2025-05-14 11:37:25 +0800] ERROR: Ahmia search failed: Failed to fetch results: Failed to open TCP connection to /127.0.0.1:9050 (getaddrinfo: nodename nor servname provided, or not known)
[2025-05-14 11:37:25 +0800] ERROR: Failed to get response: Failed to open TCP connection to torchdeedp3i2jigzjdmfpn5ttjhthh5wbmda2rr3jvqjg5p77c54dqd.onion:80 (getaddrinfo: nodename nor servname provided, or not known)
[2025-05-14 11:37:25 +0800] ERROR: Torch search failed: Failed to get response: Failed to open TCP connection to torchdeedp3i2jigzjdmfpn5ttjhthh5wbmda2rr3jvqjg5p77c54dqd.onion:80 (getaddrinfo: nodename nor servname provided, or not known)
[2025-05-14 11:37:25 +0800] INFO: Enabling Tor proxy
[2025-05-14 11:37:28 +0800] INFO: Starting search with query: password AND gmail
[2025-05-14 11:37:28 +0800] INFO: Starting Ahmia search for query: password AND gmail
[2025-05-14 11:37:28 +0800] ERROR: Ahmia search failed: Failed to fetch results: Failed to open TCP connection to /127.0.0.1:9050 (getaddrinfo: nodename nor servname provided, or not known)
[2025-05-14 11:37:28 +0800] INFO: Starting search with query: password AND gmail
[2025-05-14 11:37:28 +0800] INFO: Starting Ahmia search for query: password AND gmail
[2025-05-14 11:37:28 +0800] ERROR: Ahmia search failed: Failed to fetch results: Failed to open TCP connection to /127.0.0.1:9050 (getaddrinfo: nodename nor servname provided, or not known)
[2025-05-14 11:37:31 +0800] INFO: Starting Ahmia search for query: password AND gmail
[2025-05-14 11:37:31 +0800] ERROR: Ahmia search failed: Failed to fetch results: Failed to open TCP connection to /127.0.0.1:9050 (getaddrinfo: nodename nor servname provided, or not known)
[2025-05-14 11:37:31 +0800] INFO: Starting Torch search for query: password AND gmail
[2025-05-14 11:37:31 +0800] ERROR: Failed to get response: Failed to open TCP connection to torchdeedp3i2jigzjdmfpn5ttjhthh5wbmda2rr3jvqjg5p77c54dqd.onion:80 (getaddrinfo: nodename nor servname provided, or not known)
[2025-05-14 11:37:31 +0800] ERROR: Torch search failed: Failed to get response: Failed to open TCP connection to torchdeedp3i2jigzjdmfpn5ttjhthh5wbmda2rr3jvqjg5p77c54dqd.onion:80 (getaddrinfo: nodename nor servname provided, or not known)
[2025-05-14 11:37:31 +0800] INFO: Starting Haystack search for query: password AND gmail
[2025-05-14 11:37:31 +0800] ERROR: Failed to get response: Failed to open TCP connection to haystak5njsmn2hqkewecpaxetahtwhsbsa64jom2k22z5afxhnpxfid.onion:80 (getaddrinfo: nodename nor servname provided, or not known)
[2025-05-14 11:37:31 +0800] ERROR: Haystack search failed: Failed to get response: Failed to open TCP connection to haystak5njsmn2hqkewecpaxetahtwhsbsa64jom2k22z5afxhnpxfid.onion:80 (getaddrinfo: nodename nor servname provided, or not known)
[2025-05-14 11:37:31 +0800] INFO: Starting DuckDuckGo search for query: password AND gmail
[2025-05-14 11:37:31 +0800] ERROR: Failed to get response: Failed to open TCP connection to duckduckgogg42xjoc72x3sjasowoarfbgcmvfimaftt6twagswzczad.onion:443 (getaddrinfo: nodename nor servname provided, or not known)
[2025-05-14 11:37:31 +0800] ERROR: DuckDuckGo search failed: Failed to get response: Failed to open TCP connection to duckduckgogg42xjoc72x3sjasowoarfbgcmvfimaftt6twagswzczad.onion:443 (getaddrinfo: nodename nor servname provided, or not known)
[2025-05-14 11:37:31 +0800] INFO: Starting search with query: password AND gmail
[2025-05-14 11:37:31 +0800] INFO: Starting Ahmia search for query: password AND gmail
[2025-05-14 11:37:31 +0800] ERROR: Ahmia search failed: Failed to fetch results: Failed to open TCP connection to /127.0.0.1:9050 (getaddrinfo: nodename nor servname provided, or not known)
[2025-05-14 11:38:44 +0800] INFO: Enabling Tor proxy
[2025-05-14 11:38:46 +0800] INFO: Starting search with query: password AND gmail
[2025-05-14 11:38:46 +0800] INFO: Starting Ahmia search for query: password AND gmail
[2025-05-14 11:38:46 +0800] ERROR: Ahmia search failed: Failed to fetch results: Failed to open TCP connection to /127.0.0.1:9050 (getaddrinfo: nodename nor servname provided, or not known)
[2025-05-14 11:41:46 +0800] INFO: Enabling Tor proxy
[2025-05-14 11:41:49 +0800] INFO: Starting search with query: password AND gmail
[2025-05-14 11:41:49 +0800] INFO: Starting Ahmia search for query: password AND gmail
[2025-05-14 11:41:49 +0800] ERROR: Failed to get response: 501 "Tor is not an HTTP Proxy"
[2025-05-14 11:41:49 +0800] ERROR: Ahmia search failed: Failed to get response: 501 "Tor is not an HTTP Proxy"
[2025-05-14 11:50:26 +0800] INFO: Enabling Tor proxy
[2025-05-14 11:50:28 +0800] INFO: Starting search with query: password AND gmail
[2025-05-14 11:50:28 +0800] INFO: Starting Ahmia search for query: password AND gmail
[2025-05-14 11:50:53 +0800] INFO: Found 1520 results from Ahmia
[2025-05-14 11:51:54 +0800] INFO: Enabling Tor proxy
[2025-05-14 11:52:03 +0800] INFO: Starting search with query: password AND gmail
[2025-05-14 11:52:03 +0800] INFO: Starting Ahmia search for query: password AND gmail
[2025-05-14 11:52:03 +0800] INFO: Starting Torch search for query: password AND gmail
[2025-05-14 11:52:03 +0800] INFO: Starting Haystack search for query: password AND gmail
[2025-05-14 11:52:03 +0800] INFO: Starting DuckDuckGo search for query: password AND gmail
[2025-05-14 11:52:03 +0800] ERROR: Failed to get response: Failed to open TCP connection to haystak5njsmn2hqkewecpaxetahtwhsbsa64jom2k22z5afxhnpxfid.onion:80 (getaddrinfo: nodename nor servname provided, or not known)
[2025-05-14 11:52:03 +0800] ERROR: Haystack search failed: Failed to get response: Failed to open TCP connection to haystak5njsmn2hqkewecpaxetahtwhsbsa64jom2k22z5afxhnpxfid.onion:80 (getaddrinfo: nodename nor servname provided, or not known)
[2025-05-14 11:52:06 +0800] INFO: Found 50 results from Torch
[2025-05-14 11:52:07 +0800] INFO: Found 1520 results from Ahmia
[2025-05-14 11:52:07 +0800] ERROR: Application error: value must be enumerable
[2025-05-14 12:00:14 +0800] INFO: Enabling Tor proxy
[2025-05-14 12:00:18 +0800] ERROR: Failed to get response: Failed to open TCP connection to haystak5njsmn2hqkewecpaxetahtwhsbsa64jom2k22z5afxhnpxfid.onion:80 (getaddrinfo: nodename nor servname provided, or not known)
[2025-05-14 12:00:18 +0800] ERROR: Failed to get response: Failed to open TCP connection to haystakvxad7wbk5.onion:80 (getaddrinfo: nodename nor servname provided, or not known)
[2025-05-14 12:00:18 +0800] ERROR: Failed to get response: Failed to open TCP connection to haystak5njsmn2hqkewecpaxetahtwhsbsa64jom2k22z5afxhnpxfid.onion:80 (getaddrinfo: nodename nor servname provided, or not known)
[2025-05-14 12:00:18 +0800] WARN: No working Haystack mirrors found
[2025-05-14 12:00:18 +0800] INFO: Starting search with query: password AND gmail
[2025-05-14 12:00:18 +0800] INFO: Starting Ahmia search for query: password AND gmail
[2025-05-14 12:00:18 +0800] INFO: Starting Torch search for query: password AND gmail
[2025-05-14 12:00:18 +0800] INFO: Starting Haystack search for query: password AND gmail
[2025-05-14 12:00:18 +0800] INFO: Starting DuckDuckGo search for query: password AND gmail
[2025-05-14 12:00:18 +0800] ERROR: Failed to get response: Failed to open TCP connection to haystak5njsmn2hqkewecpaxetahtwhsbsa64jom2k22z5afxhnpxfid.onion:80 (getaddrinfo: nodename nor servname provided, or not known)
[2025-05-14 12:00:18 +0800] ERROR: Haystack search failed: Failed to get response: Failed to open TCP connection to haystak5njsmn2hqkewecpaxetahtwhsbsa64jom2k22z5afxhnpxfid.onion:80 (getaddrinfo: nodename nor servname provided, or not known)
[2025-05-14 12:00:25 +0800] INFO: Found 1520 results from Ahmia
[2025-05-14 12:01:18 +0800] ERROR: Request timed out: execution expired
[2025-05-14 12:02:18 +0800] ERROR: Request timed out: execution expired
[2025-05-14 12:02:26 +0800] ERROR: Unexpected error: Failed to open TCP connection to torchdeedp3i2jigzjdmfpn5ttjhthh5wbmda2rr3jvqjg5p77c54dqd.onion:80 (general SOCKS server failure)
[2025-05-14 12:02:26 +0800] ERROR: Torch search failed: Request failed after 3 attempts: Failed to open TCP connection to torchdeedp3i2jigzjdmfpn5ttjhthh5wbmda2rr3jvqjg5p77c54dqd.onion:80 (general SOCKS server failure)
[2025-05-14 12:02:26 +0800] ERROR: Application error: value must be enumerable
[2025-05-14 15:44:45 +0800] INFO: Enabling Tor proxy
[2025-05-14 15:44:50 +0800] ERROR: Failed to get response: Failed to open TCP connection to haystak5njsmn2hqkewecpaxetahtwhsbsa64jom2k22z5afxhnpxfid.onion:80 (getaddrinfo: nodename nor servname provided, or not known)
[2025-05-14 15:44:50 +0800] ERROR: Failed to get response: Failed to open TCP connection to haystakvxad7wbk5.onion:80 (getaddrinfo: nodename nor servname provided, or not known)
[2025-05-14 15:44:50 +0800] ERROR: Failed to get response: Failed to open TCP connection to haystak5njsmn2hqkewecpaxetahtwhsbsa64jom2k22z5afxhnpxfid.onion:80 (getaddrinfo: nodename nor servname provided, or not known)
[2025-05-14 15:44:50 +0800] WARN: No working Haystack mirrors found
[2025-05-14 15:44:50 +0800] INFO: Starting search with query: password AND bitcoin
[2025-05-14 15:44:50 +0800] INFO: Starting Ahmia search for query: password AND bitcoin
[2025-05-14 15:44:50 +0800] INFO: Starting Torch search for query: password AND bitcoin
[2025-05-14 15:44:50 +0800] INFO: Starting Haystack search for query: password AND bitcoin
[2025-05-14 15:44:50 +0800] INFO: Starting DuckDuckGo search for query: password AND bitcoin
[2025-05-14 15:44:50 +0800] ERROR: Failed to get response: Failed to open TCP connection to haystak5njsmn2hqkewecpaxetahtwhsbsa64jom2k22z5afxhnpxfid.onion:80 (getaddrinfo: nodename nor servname provided, or not known)
[2025-05-14 15:44:50 +0800] ERROR: Haystack search failed: Failed to get response: Failed to open TCP connection to haystak5njsmn2hqkewecpaxetahtwhsbsa64jom2k22z5afxhnpxfid.onion:80 (getaddrinfo: nodename nor servname provided, or not known)
[2025-05-14 15:45:00 +0800] INFO: Found 21 results from Torch
[2025-05-14 15:45:07 +0800] INFO: Found 1510 results from Ahmia
[2025-05-14 15:45:07 +0800] ERROR: Application error: value must be enumerable
[2025-05-14 15:50:18 +0800] INFO: Enabling Tor proxy
[2025-05-14 15:50:21 +0800] ERROR: Failed to get response: Failed to open TCP connection to haystak5njsmn2hqkewecpaxetahtwhsbsa64jom2k22z5afxhnpxfid.onion:80 (getaddrinfo: nodename nor servname provided, or not known)
[2025-05-14 15:50:21 +0800] ERROR: Failed to get response: Failed to open TCP connection to haystakvxad7wbk5.onion:80 (getaddrinfo: nodename nor servname provided, or not known)
[2025-05-14 15:50:21 +0800] ERROR: Failed to get response: Failed to open TCP connection to haystak5njsmn2hqkewecpaxetahtwhsbsa64jom2k22z5afxhnpxfid.onion:80 (getaddrinfo: nodename nor servname provided, or not known)
[2025-05-14 15:50:21 +0800] WARN: No working Haystack mirrors found
[2025-05-14 15:50:21 +0800] INFO: Starting search with query: password AND yahoomail
[2025-05-14 15:50:21 +0800] INFO: Starting Ahmia search for query: password AND yahoomail
[2025-05-14 15:50:21 +0800] INFO: Starting Torch search for query: password AND yahoomail
[2025-05-14 15:50:21 +0800] INFO: Starting Haystack search for query: password AND yahoomail
[2025-05-14 15:50:21 +0800] INFO: Starting DuckDuckGo search for query: password AND yahoomail
[2025-05-14 15:50:21 +0800] ERROR: Failed to get response: Failed to open TCP connection to haystak5njsmn2hqkewecpaxetahtwhsbsa64jom2k22z5afxhnpxfid.onion:80 (getaddrinfo: nodename nor servname provided, or not known)
[2025-05-14 15:50:21 +0800] ERROR: Haystack search failed: Failed to get response: Failed to open TCP connection to haystak5njsmn2hqkewecpaxetahtwhsbsa64jom2k22z5afxhnpxfid.onion:80 (getaddrinfo: nodename nor servname provided, or not known)
[2025-05-14 15:50:26 +0800] INFO: Found 50 results from Torch
[2025-05-14 15:50:32 +0800] INFO: Found 1113 results from Ahmia
[2025-05-14 15:54:12 +0800] INFO: Enabling Tor proxy
[2025-05-14 15:54:14 +0800] ERROR: Failed to get response: Failed to open TCP connection to haystak5njsmn2hqkewecpaxetahtwhsbsa64jom2k22z5afxhnpxfid.onion:80 (getaddrinfo: nodename nor servname provided, or not known)
[2025-05-14 15:54:14 +0800] ERROR: Failed to get response: Failed to open TCP connection to haystakvxad7wbk5.onion:80 (getaddrinfo: nodename nor servname provided, or not known)
[2025-05-14 15:54:14 +0800] ERROR: Failed to get response: Failed to open TCP connection to haystak5njsmn2hqkewecpaxetahtwhsbsa64jom2k22z5afxhnpxfid.onion:80 (getaddrinfo: nodename nor servname provided, or not known)
[2025-05-14 15:54:14 +0800] WARN: No working Haystack mirrors found
[2025-05-14 15:54:14 +0800] INFO: Starting search with query: password and gmail
[2025-05-14 15:54:14 +0800] INFO: Starting Ahmia search for query: password and gmail
[2025-05-14 15:54:14 +0800] INFO: Starting Torch search for query: password and gmail
[2025-05-14 15:54:14 +0800] INFO: Starting Haystack search for query: password and gmail
[2025-05-14 15:54:14 +0800] INFO: Starting DuckDuckGo search for query: password and gmail
[2025-05-14 15:54:14 +0800] ERROR: Failed to get response: Failed to open TCP connection to haystak5njsmn2hqkewecpaxetahtwhsbsa64jom2k22z5afxhnpxfid.onion:80 (getaddrinfo: nodename nor servname provided, or not known)
[2025-05-14 15:54:14 +0800] ERROR: Haystack search failed: Failed to get response: Failed to open TCP connection to haystak5njsmn2hqkewecpaxetahtwhsbsa64jom2k22z5afxhnpxfid.onion:80 (getaddrinfo: nodename nor servname provided, or not known)
[2025-05-14 15:54:17 +0800] INFO: Found 50 results from Torch
[2025-05-14 15:54:26 +0800] INFO: Found 1499 results from Ahmia
[2025-05-14 15:59:13 +0800] INFO: Enabling Tor proxy
[2025-05-14 15:59:16 +0800] ERROR: Failed to get response: Failed to open TCP connection to haystackqabj6lj5ydu7u3hnbhsvp7fb3qpfhqgfily4bumqv2f3yd.onion:80 (getaddrinfo: nodename nor servname provided, or not known)
[2025-05-14 15:59:16 +0800] ERROR: Failed to get response: Failed to open TCP connection to haystaclxdqc43vn.onion:80 (getaddrinfo: nodename nor servname provided, or not known)
[2025-05-14 15:59:16 +0800] ERROR: Failed to get response: Failed to open TCP connection to haystak5njsmn2hqkewecpaxetahtwhsbsa64jom2k22z5afxhnpxfid.onion:80 (getaddrinfo: nodename nor servname provided, or not known)
[2025-05-14 15:59:16 +0800] WARN: No working Haystack mirrors found
[2025-05-14 15:59:21 +0800] INFO: Found working DuckDuckGo mirror: https://duckduckgogg42xjoc72x3sjasowoarfbgcmvfimaftt6twagswzczad.onion
[2025-05-14 15:59:21 +0800] INFO: Starting search with query: bitcoin AND password
[2025-05-14 15:59:21 +0800] INFO: Starting Ahmia search for query: bitcoin AND password
[2025-05-14 15:59:21 +0800] INFO: Starting Torch search for query: bitcoin AND password
[2025-05-14 15:59:21 +0800] INFO: Starting Haystack search for query: bitcoin AND password
[2025-05-14 15:59:21 +0800] INFO: Starting DuckDuckGo search for query: bitcoin AND password
[2025-05-14 15:59:21 +0800] ERROR: Failed to get response: Failed to open TCP connection to haystackqabj6lj5ydu7u3hnbhsvp7fb3qpfhqgfily4bumqv2f3yd.onion:80 (getaddrinfo: nodename nor servname provided, or not known)
[2025-05-14 15:59:21 +0800] ERROR: Haystack search failed: Failed to get response: Failed to open TCP connection to haystackqabj6lj5ydu7u3hnbhsvp7fb3qpfhqgfily4bumqv2f3yd.onion:80 (getaddrinfo: nodename nor servname provided, or not known)
[2025-05-14 15:59:25 +0800] INFO: Found 0 results from DuckDuckGo
[2025-05-14 15:59:29 +0800] INFO: Found 21 results from Torch
[2025-05-14 15:59:45 +0800] INFO: Found 1464 results from Ahmia
[2025-05-14 16:01:10 +0800] INFO: Enabling Tor proxy
[2025-05-14 16:01:12 +0800] ERROR: Failed to get response: Failed to open TCP connection to haystackqabj6lj5ydu7u3hnbhsvp7fb3qpfhqgfily4bumqv2f3yd.onion:80 (getaddrinfo: nodename nor servname provided, or not known)
[2025-05-14 16:01:12 +0800] ERROR: Failed to get response: Failed to open TCP connection to haystaclxdqc43vn.onion:80 (getaddrinfo: nodename nor servname provided, or not known)
[2025-05-14 16:01:12 +0800] ERROR: Failed to get response: Failed to open TCP connection to haystak5njsmn2hqkewecpaxetahtwhsbsa64jom2k22z5afxhnpxfid.onion:80 (getaddrinfo: nodename nor servname provided, or not known)
[2025-05-14 16:01:12 +0800] WARN: No working Haystack mirrors found
[2025-05-14 16:01:15 +0800] INFO: Found working DuckDuckGo mirror: https://duckduckgogg42xjoc72x3sjasowoarfbgcmvfimaftt6twagswzczad.onion
[2025-05-14 16:01:15 +0800] INFO: Starting search with query: bitcoin AND password
[2025-05-14 16:01:15 +0800] INFO: Starting Ahmia search for query: bitcoin AND password
[2025-05-14 16:01:15 +0800] INFO: Starting Torch search for query: bitcoin AND password
[2025-05-14 16:01:15 +0800] INFO: Starting Haystack search for query: bitcoin AND password
[2025-05-14 16:01:15 +0800] INFO: Starting DuckDuckGo search for query: bitcoin AND password
[2025-05-14 16:01:15 +0800] ERROR: Failed to get response: Failed to open TCP connection to haystackqabj6lj5ydu7u3hnbhsvp7fb3qpfhqgfily4bumqv2f3yd.onion:80 (getaddrinfo: nodename nor servname provided, or not known)
[2025-05-14 16:01:15 +0800] ERROR: Haystack search failed: Failed to get response: Failed to open TCP connection to haystackqabj6lj5ydu7u3hnbhsvp7fb3qpfhqgfily4bumqv2f3yd.onion:80 (getaddrinfo: nodename nor servname provided, or not known)
[2025-05-14 16:01:18 +0800] INFO: Found 21 results from Torch
[2025-05-14 16:01:20 +0800] INFO: Found 0 results from DuckDuckGo
[2025-05-14 16:01:35 +0800] INFO: Found 1464 results from Ahmia
[2025-05-14 16:07:56 +0800] INFO: Enabling Tor proxy
[2025-05-14 16:07:59 +0800] ERROR: Failed to get response: Failed to open TCP connection to haystackqabj6lj5ydu7u3hnbhsvp7fb3qpfhqgfily4bumqv2f3yd.onion:80 (getaddrinfo: nodename nor servname provided, or not known)
[2025-05-14 16:07:59 +0800] ERROR: Failed to get response: Failed to open TCP connection to haystaclxdqc43vn.onion:80 (getaddrinfo: nodename nor servname provided, or not known)
[2025-05-14 16:07:59 +0800] ERROR: Failed to get response: Failed to open TCP connection to haystak5njsmn2hqkewecpaxetahtwhsbsa64jom2k22z5afxhnpxfid.onion:80 (getaddrinfo: nodename nor servname provided, or not known)
[2025-05-14 16:07:59 +0800] WARN: No working Haystack mirrors found
[2025-05-14 16:07:59 +0800] INFO: Starting search with query: password AND email
[2025-05-14 16:07:59 +0800] INFO: Starting Ahmia search for query: password AND email
[2025-05-14 16:07:59 +0800] INFO: Starting Torch search for query: password AND email
[2025-05-14 16:07:59 +0800] INFO: Starting Haystack search for query: password AND email
[2025-05-14 16:07:59 +0800] INFO: Starting DuckDuckGo search for query: password AND email
[2025-05-14 16:07:59 +0800] ERROR: Failed to get response: Failed to open TCP connection to haystackqabj6lj5ydu7u3hnbhsvp7fb3qpfhqgfily4bumqv2f3yd.onion:80 (getaddrinfo: nodename nor servname provided, or not known)
[2025-05-14 16:07:59 +0800] ERROR: Haystack search failed: Failed to get response: Failed to open TCP connection to haystackqabj6lj5ydu7u3hnbhsvp7fb3qpfhqgfily4bumqv2f3yd.onion:80 (getaddrinfo: nodename nor servname provided, or not known)
[2025-05-14 16:08:02 +0800] INFO: Found 15 results from Torch
[2025-05-14 16:08:02 +0800] INFO: Found 0 results from DuckDuckGo
[2025-05-14 16:08:09 +0800] INFO: Found 1153 results from Ahmia
[2025-05-14 16:19:39 +0800] INFO: Enabling Tor proxy
[2025-05-14 16:19:42 +0800] ERROR: Failed to get response: Failed to open TCP connection to haystak5njsmn2hqkewecpaxetahtwhsbsa64jom2k22z5afxhnpxfid.onion:443 (getaddrinfo: nodename nor servname provided, or not known)
[2025-05-14 16:19:42 +0800] ERROR: Failed to get response: Failed to open TCP connection to haystack.onion:443 (getaddrinfo: nodename nor servname provided, or not known)
[2025-05-14 16:19:42 +0800] ERROR: Failed to get response: Failed to open TCP connection to haystaclxdqc43vn.onion:443 (getaddrinfo: nodename nor servname provided, or not known)
[2025-05-14 16:19:42 +0800] WARN: No working Haystack mirrors found
[2025-05-14 16:19:42 +0800] INFO: Starting search with query: password AND email
[2025-05-14 16:19:42 +0800] INFO: Starting Ahmia search for query: password AND email
[2025-05-14 16:19:42 +0800] INFO: Starting Torch search for query: password AND email
[2025-05-14 16:19:42 +0800] INFO: Starting Haystack search for query: password AND email
[2025-05-14 16:19:42 +0800] INFO: Starting DuckDuckGo search for query: password AND email
[2025-05-14 16:19:49 +0800] INFO: Found 1153 results from Ahmia
[2025-05-14 16:19:49 +0800] INFO: Found 15 results from Torch
[2025-05-14 16:19:51 +0800] INFO: Found 0 results from DuckDuckGo
[2025-05-14 16:59:55 +0800] INFO: Dark Web Search initialized with 2 engines
[2025-05-14 16:59:55 +0800] ERROR: Application error: undefined method `[]' for nil
[2025-05-14 17:00:00 +0800] INFO: Dark Web Search initialized with 2 engines
[2025-05-14 17:00:00 +0800] ERROR: Application error: undefined method `[]' for nil
[2025-05-14 17:01:37 +0800] INFO: Dark Web Search initialized with 2 engines
[2025-05-14 17:01:37 +0800] ERROR: Application error: undefined method `[]' for nil
[2025-05-14 17:04:18 +0800] INFO: Dark Web Search initialized with 2 engines
[2025-05-14 17:05:40 +0800] INFO: Starting search with query: password AND gmail
[2025-05-14 17:05:40 +0800] INFO: Starting Ahmia search for query: password AND gmail
[2025-05-14 17:05:40 +0800] INFO: Starting Torch search for query: password AND gmail
[2025-05-14 17:06:01 +0800] INFO: Found 1128 results from Ahmia
[2025-05-14 17:06:10 +0800] ERROR: Request timed out: execution expired
[2025-05-14 17:06:24 +0800] ERROR: Unexpected error: HTTP request failed with status 404
[2025-05-14 17:06:30 +0800] ERROR: Unexpected error: HTTP request failed with status 404
[2025-05-14 17:06:30 +0800] ERROR: Torch search failed: Request failed after 3 attempts: HTTP request failed with status 404
[2025-05-14 17:06:30 +0800] INFO: Search completed. Found 1128 total unique results
[2025-05-14 17:09:08 +0800] INFO: Dark Web Search initialized with 2 engines
[2025-05-14 17:10:02 +0800] INFO: Starting search with query: password AND bitcoin
[2025-05-14 17:10:02 +0800] INFO: Starting Ahmia search for query: password AND bitcoin
[2025-05-14 17:10:02 +0800] INFO: Starting Torch search for query: password AND bitcoin
[2025-05-14 17:10:04 +0800] ERROR: Unexpected error: HTTP request failed with status 404
[2025-05-14 17:10:09 +0800] ERROR: Unexpected error: HTTP request failed with status 404
[2025-05-14 17:10:14 +0800] INFO: Found 1806 results from Ahmia
[2025-05-14 17:10:18 +0800] ERROR: Unexpected error: HTTP request failed with status 404
[2025-05-14 17:10:18 +0800] ERROR: Torch search failed: Request failed after 3 attempts: HTTP request failed with status 404
[2025-05-14 17:10:18 +0800] INFO: Search completed. Found 1806 total unique results
[2025-05-14 17:18:12 +0800] INFO: Dark Web Search initialized with 2 engines
[2025-05-14 17:19:08 +0800] INFO: Starting search with query: password AND bitcoin
[2025-05-14 17:19:08 +0800] INFO: Starting Ahmia search for query: password AND bitcoin
[2025-05-14 17:19:08 +0800] INFO: Starting Torch search for query: password AND bitcoin
[2025-05-14 17:19:16 +0800] INFO: Found 1806 results from Ahmia
[2025-05-14 17:19:23 +0800] ERROR: Unexpected error: Failed to open TCP connection to torchqsxkllrj2eqaitp5xvcgfeg3g5dr3hr2wnuvnj76bbxkxfiwxqd.onion:80 (Host unreachable)
[2025-05-14 17:19:40 +0800] ERROR: Unexpected error: Failed to open TCP connection to torchqsxkllrj2eqaitp5xvcgfeg3g5dr3hr2wnuvnj76bbxkxfiwxqd.onion:80 (Host unreachable)
[2025-05-14 17:19:56 +0800] ERROR: Unexpected error: Failed to open TCP connection to torchqsxkllrj2eqaitp5xvcgfeg3g5dr3hr2wnuvnj76bbxkxfiwxqd.onion:80 (Host unreachable)
[2025-05-14 17:20:01 +0800] INFO: Found 21 results from Torch
[2025-05-14 17:20:01 +0800] INFO: Search completed. Found 1827 total unique results
[2025-05-14 17:22:49 +0800] INFO: Dark Web Search initialized with 2 engines
[2025-05-14 17:23:32 +0800] INFO: Starting search with query: password AND bitcoin
[2025-05-14 17:23:32 +0800] INFO: Starting Ahmia search for query: password AND bitcoin
[2025-05-14 17:23:32 +0800] INFO: Starting Torch search for query: password AND bitcoin
[2025-05-14 17:23:36 +0800] INFO: Found 1806 results from Ahmia
[2025-05-14 17:23:37 +0800] ERROR: Request timed out: Failed to open TCP connection to torchqsxkllrj2eqaitp5xvcgfeg3g5dr3hr2wnuvnj76bbxkxfiwxqd.onion:80 (execution expired)
[2025-05-14 17:23:43 +0800] ERROR: Unexpected error: Failed to open TCP connection to torchqsxkllrj2eqaitp5xvcgfeg3g5dr3hr2wnuvnj76bbxkxfiwxqd.onion:80 (Host unreachable)
[2025-05-14 17:23:52 +0800] ERROR: Request timed out: Failed to open TCP connection to torchqsxkllrj2eqaitp5xvcgfeg3g5dr3hr2wnuvnj76bbxkxfiwxqd.onion:80 (execution expired)
[2025-05-14 17:23:55 +0800] INFO: Found 21 results from Torch
[2025-05-14 17:23:55 +0800] INFO: Search completed. Found 1827 total unique results
[2025-05-14 17:25:33 +0800] INFO: Dark Web Search initialized with 2 engines
[2025-05-14 17:26:07 +0800] INFO: Starting search with query: password AND bitcoin
[2025-05-14 17:26:07 +0800] INFO: Starting Ahmia search for query: password AND bitcoin
[2025-05-14 17:26:07 +0800] INFO: Starting Torch search for query: password AND bitcoin
[2025-05-14 17:26:11 +0800] INFO: Found 100 results from Ahmia
[2025-05-14 17:26:12 +0800] ERROR: Request timed out: Failed to open TCP connection to torchqsxkllrj2eqaitp5xvcgfeg3g5dr3hr2wnuvnj76bbxkxfiwxqd.onion:80 (execution expired)
[2025-05-14 17:26:19 +0800] ERROR: Request timed out: Failed to open TCP connection to torchqsxkllrj2eqaitp5xvcgfeg3g5dr3hr2wnuvnj76bbxkxfiwxqd.onion:80 (execution expired)
[2025-05-14 17:26:23 +0800] ERROR: Unexpected error: Failed to open TCP connection to torchqsxkllrj2eqaitp5xvcgfeg3g5dr3hr2wnuvnj76bbxkxfiwxqd.onion:80 (Host unreachable)
[2025-05-14 17:26:26 +0800] INFO: Found 21 results from Torch
[2025-05-14 17:26:26 +0800] INFO: Search completed. Found 121 total unique results
[2025-05-14 17:29:02 +0800] INFO: Dark Web Search initialized with 2 engines
[2025-05-14 17:29:33 +0800] INFO: Starting search with query: password AND bitcoin
[2025-05-14 17:29:33 +0800] INFO: Starting Ahmia search for query: password AND bitcoin
[2025-05-14 17:29:33 +0800] INFO: Starting Torch search for query: password AND bitcoin
[2025-05-14 17:29:33 +0800] ERROR: Unexpected error: Failed to open TCP connection to torch5uv3oqm2pdk.onion:80 (general SOCKS server failure)
[2025-05-14 17:29:35 +0800] ERROR: Unexpected error: Failed to open TCP connection to torch5uv3oqm2pdk.onion:80 (general SOCKS server failure)
[2025-05-14 17:29:39 +0800] ERROR: Unexpected error: Failed to open TCP connection to torch5uv3oqm2pdk.onion:80 (general SOCKS server failure)
[2025-05-14 17:29:42 +0800] INFO: Found 18 results from Torch
[2025-05-14 17:29:51 +0800] ERROR: Failed to get response: Failed to open TCP connection to juhanurmihxlp77nkq76byazcldy2hlmovfu2epvl5ankdibsot4csyd.onion:80 (general SOCKS server failure)
[2025-05-14 17:29:51 +0800] ERROR: Ahmia search failed: Failed to get response: Failed to open TCP connection to juhanurmihxlp77nkq76byazcldy2hlmovfu2epvl5ankdibsot4csyd.onion:80 (general SOCKS server failure)
[2025-05-14 17:29:51 +0800] INFO: Search completed. Found 18 total unique results
[2025-05-14 17:31:34 +0800] INFO: Dark Web Search initialized with 2 engines
[2025-05-14 17:32:12 +0800] INFO: Starting search with query: password AND bitcoin
[2025-05-14 17:32:12 +0800] INFO: Starting Ahmia search for query: password AND bitcoin
[2025-05-14 17:32:12 +0800] INFO: Starting Torch search for query: password AND bitcoin
[2025-05-14 17:32:12 +0800] ERROR: Unexpected error: Failed to open TCP connection to torch5uv3oqm2pdk.onion:80 (general SOCKS server failure)
[2025-05-14 17:32:14 +0800] ERROR: Unexpected error: Failed to open TCP connection to torch5uv3oqm2pdk.onion:80 (general SOCKS server failure)
[2025-05-14 17:32:18 +0800] ERROR: Unexpected error: Failed to open TCP connection to torch5uv3oqm2pdk.onion:80 (general SOCKS server failure)
[2025-05-14 17:32:23 +0800] INFO: Found 100 results from Ahmia
[2025-05-14 17:32:24 +0800] ERROR: Request timed out: Failed to open TCP connection to torchdeedp3i2jigzjdmfpn5ttjhthh5wbmda2rr3jvqjg5p77c54dqd.onion:80 (execution expired)
[2025-05-14 17:32:29 +0800] INFO: Found 18 results from Torch
[2025-05-14 17:32:29 +0800] INFO: Search completed. Found 118 total unique results
[2025-05-14 17:35:48 +0800] INFO: Dark Web Search initialized with 2 engines
[2025-05-14 17:36:25 +0800] INFO: Dark Web Search initialized with 2 engines
